2024/11/21 02:10:08 [notice] 1#1: signal 3 (SIGQUIT) received, shutting down
2024/11/21 02:10:08 [notice] 29#29: gracefully shutting down
2024/11/21 02:10:08 [notice] 30#30: gracefully shutting down
2024/11/21 02:10:08 [notice] 30#30: exiting
2024/11/21 02:10:08 [notice] 34#34: gracefully shutting down
2024/11/21 02:10:08 [notice] 32#32: gracefully shutting down
2024/11/21 02:10:08 [notice] 33#33: gracefully shutting down
2024/11/21 02:10:08 [notice] 37#37: gracefully shutting down
2024/11/21 02:10:08 [notice] 28#28: gracefully shutting down
2024/11/21 02:10:08 [notice] 35#35: gracefully shutting down
2024/11/21 02:10:08 [notice] 38#38: gracefully shutting down
2024/11/21 02:10:08 [notice] 38#38: exiting
2024/11/21 02:10:08 [notice] 36#36: gracefully shutting down
2024/11/21 02:10:08 [notice] 39#39: gracefully shutting down
2024/11/21 02:10:08 [notice] 31#31: gracefully shutting down
2024/11/21 02:10:08 [notice] 29#29: exiting
2024/11/21 02:10:08 [notice] 29#29: exit
2024/11/21 02:10:08 [notice] 30#30: exit
2024/11/21 02:10:08 [notice] 34#34: exiting
2024/11/21 02:10:08 [notice] 32#32: exiting
2024/11/21 02:10:08 [notice] 33#33: exiting
2024/11/21 02:10:08 [notice] 37#37: exiting
2024/11/21 02:10:08 [notice] 33#33: exit
2024/11/21 02:10:08 [notice] 28#28: exiting
2024/11/21 02:10:08 [notice] 35#35: exiting
2024/11/21 02:10:08 [notice] 38#38: exit
2024/11/21 02:10:08 [notice] 36#36: exiting
2024/11/21 02:10:08 [notice] 39#39: exiting
2024/11/21 02:10:08 [notice] 36#36: exit
2024/11/21 02:10:08 [notice] 31#31: exiting
2024/11/21 02:10:08 [notice] 34#34: exit
2024/11/21 02:10:08 [notice] 31#31: exit
2024/11/21 02:10:08 [notice] 32#32: exit
2024/11/21 02:10:08 [notice] 37#37: exit
2024/11/21 02:10:08 [notice] 28#28: exit
2024/11/21 02:10:08 [notice] 35#35: exit
2024/11/21 02:10:08 [notice] 39#39: exit
2024/11/21 02:10:08 [notice] 1#1: signal 17 (SIGCHLD) received from 33
2024/11/21 02:10:08 [notice] 1#1: worker process 28 exited with code 0
2024/11/21 02:10:08 [notice] 1#1: worker process 29 exited with code 0
2024/11/21 02:10:08 [notice] 1#1: worker process 30 exited with code 0
2024/11/21 02:10:08 [notice] 1#1: worker process 31 exited with code 0
2024/11/21 02:10:08 [notice] 1#1: worker process 32 exited with code 0
2024/11/21 02:10:08 [notice] 1#1: worker process 33 exited with code 0
2024/11/21 02:10:08 [notice] 1#1: worker process 34 exited with code 0
2024/11/21 02:10:08 [notice] 1#1: worker process 35 exited with code 0
2024/11/21 02:10:08 [notice] 1#1: worker process 37 exited with code 0
2024/11/21 02:10:08 [notice] 1#1: worker process 38 exited with code 0
2024/11/21 02:10:08 [notice] 1#1: worker process 39 exited with code 0
2024/11/21 02:10:08 [notice] 1#1: worker process 36 exited with code 0
2024/11/21 02:10:08 [notice] 1#1: exit
